<?xml version="1.0" encoding="UTF-8"?>
<!-- Generated by org.testng.reporters.JUnitXMLReporter -->
<testsuite ignored="0" hostname="Meghna" failures="0" tests="4" name="Default test" time="1.276" errors="0" timestamp="2025-03-05T22:28:13 IST">
  <testcase classname="test_script.BaseTest" name="tc1" time="0.013"/>
  <testcase classname="test_script.BaseTest" name="tc1" time="0.007"/>
  <testcase classname="test_script.BaseTest" name="tc1" time="0.003"/>
  <testcase classname="test_script.BaseTest" name="tc1" time="0.001"/>
</testsuite> <!-- Default test -->
