<?xml version="1.0" encoding="UTF-8"?>
<!-- Generated by org.testng.reporters.JUnitXMLReporter -->
<testsuite ignored="1" hostname="Meghna" failures="1" tests="2" name="Test" time="0.152" errors="0" timestamp="2025-03-07T22:30:20 IST">
  <testcase classname="test_script.BaseTest" name="tc2" time="0.037"/>
  <testcase classname="test_script.BaseTest" name="tc3" time="0.023">
    <failure type="java.lang.AssertionError" message="expected [true] but found [false]">
      <![CDATA[java.lang.AssertionError: expected [true] but found [false]
at test_script.BaseTest.tc3(BaseTest.java:41)
at java.base/java.util.ArrayList.forEach(ArrayList.java:1511)
... Removed 29 stack frames]]>
    </failure>
  </testcase> <!-- tc3 -->
  <testcase classname="test_script.BaseTest" name="tc1" time="0.0">
    <ignored/>
  </testcase> <!-- tc1 -->
</testsuite> <!-- Test -->
