<?xml version="1.0" encoding="UTF-8"?>
<testng-results ignored="0" total="4" passed="4" failed="0" skipped="0">
  <reporter-output>
  </reporter-output>
  <suite started-at="2025-03-05T22:28:12 IST" name="Default suite" finished-at="2025-03-05T22:28:13 IST" duration-ms="1276">
    <groups>
    </groups>
    <test started-at="2025-03-05T22:28:12 IST" name="Default test" finished-at="2025-03-05T22:28:13 IST" duration-ms="1276">
      <class name="test_script.BaseTest">
        <test-method signature="tc1(java.lang.String,java.lang.String)[pri:0, instance:test_script.BaseTest@4218d6a3]" started-at="2025-03-05T22:28:13 IST" name="tc1" data-provider="excelData" finished-at="2025-03-05T22:28:13 IST" duration-ms="13" status="PASS">
          <params>
            <param index="0">
              <value>
                <![CDATA[username2]]>
              </value>
            </param>
            <param index="1">
              <value>
                <![CDATA[password2]]>
              </value>
            </param>
          </params>
          <reporter-output>
          </reporter-output>
        </test-method> <!-- tc1 -->
        <test-method signature="tc1(java.lang.String,java.lang.String)[pri:0, instance:test_script.BaseTest@4218d6a3]" started-at="2025-03-05T22:28:13 IST" name="tc1" data-provider="excelData" finished-at="2025-03-05T22:28:13 IST" duration-ms="7" status="PASS">
          <params>
            <param index="0">
              <value>
                <![CDATA[username3]]>
              </value>
            </param>
            <param index="1">
              <value>
                <![CDATA[password3]]>
              </value>
            </param>
          </params>
          <reporter-output>
          </reporter-output>
        </test-method> <!-- tc1 -->
        <test-method signature="tc1(java.lang.String,java.lang.String)[pri:0, instance:test_script.BaseTest@4218d6a3]" started-at="2025-03-05T22:28:13 IST" name="tc1" data-provider="excelData" finished-at="2025-03-05T22:28:13 IST" duration-ms="3" status="PASS">
          <params>
            <param index="0">
              <value>
                <![CDATA[username4]]>
              </value>
            </param>
            <param index="1">
              <value>
                <![CDATA[password4]]>
              </value>
            </param>
          </params>
          <reporter-output>
          </reporter-output>
        </test-method> <!-- tc1 -->
        <test-method signature="tc1(java.lang.String,java.lang.String)[pri:0, instance:test_script.BaseTest@4218d6a3]" started-at="2025-03-05T22:28:13 IST" name="tc1" data-provider="excelData" finished-at="2025-03-05T22:28:13 IST" duration-ms="1" status="PASS">
          <params>
            <param index="0">
              <value>
                <![CDATA[username5]]>
              </value>
            </param>
            <param index="1">
              <value>
                <![CDATA[password5]]>
              </value>
            </param>
          </params>
          <reporter-output>
          </reporter-output>
        </test-method> <!-- tc1 -->
      </class> <!-- test_script.BaseTest -->
    </test> <!-- Default test -->
  </suite> <!-- Default suite -->
</testng-results>
