<?xml version="1.0" encoding="UTF-8"?>
<testng-results ignored="0" total="1" passed="1" failed="0" skipped="0">
  <reporter-output>
  </reporter-output>
  <suite started-at="2025-02-18T22:57:39 IST" name="Default suite" finished-at="2025-02-18T22:57:43 IST" duration-ms="4267">
    <groups>
    </groups>
    <test started-at="2025-02-18T22:57:39 IST" name="Default test" finished-at="2025-02-18T22:57:43 IST" duration-ms="4267">
      <class name="test_script.BaseTest">
        <test-method signature="tc1()[pri:0, instance:test_script.BaseTest@3e92efc3]" started-at="2025-02-18T22:57:39 IST" name="tc1" finished-at="2025-02-18T22:57:43 IST" duration-ms="4210" status="PASS">
          <reporter-output>
          </reporter-output>
        </test-method> <!-- tc1 -->
      </class> <!-- test_script.BaseTest -->
    </test> <!-- Default test -->
  </suite> <!-- Default suite -->
</testng-results>
